<?xml version="1.0" encoding="UTF-8"?><testrun name="TestRunner" project="LearnCucumber" tests="1" started="1" failures="0" errors="1" ignored="0">
  <testsuite name="testRunner.TestRunner" time="8.257">
    <testsuite name="Feature: Test OrangeHRM Login Scenario" time="8.257">
      <testcase name="Test login with valid credential" classname="Test OrangeHRM Login Scenario" time="8.257">
        <error>org.openqa.selenium.SessionNotCreatedException: session not created: This version of ChromeDriver only supports Chrome version 86
Current browser version is 85.0.4183.102 with binary path C:\Program Files (x86)\Google\Chrome\Application\chrome.exe
Build info: version: '3.141.59', revision: 'e82be7d358', time: '2018-11-14T08:17:03'
System info: host: 'APPAN-PC', ip: '192.168.0.6', os.name: 'Windows 7', os.arch: 'amd64', os.version: '6.1', java.version: '1.8.0_181'
Driver info: driver.version: ChromeDriver
remote stacktrace: Backtrace:
	Ordinal0 [0x016EC013+3194899]
	Ordinal0 [0x015D6021+2056225]
	Ordinal0 [0x0146F608+587272]
	Ordinal0 [0x013F1BF3+72691]
	Ordinal0 [0x013EE229+57897]
	Ordinal0 [0x013EC64A+50762]
	Ordinal0 [0x01411EE9+204521]
	Ordinal0 [0x01411D0D+204045]
	Ordinal0 [0x0140FC1B+195611]
	Ordinal0 [0x013F3B7F+80767]
	Ordinal0 [0x013F4B4E+84814]
	Ordinal0 [0x013F4AD9+84697]
	Ordinal0 [0x015ECE64+2149988]
	GetHandleVerifier [0x0185BE95+1400773]
	GetHandleVerifier [0x0185BB61+1399953]
	GetHandleVerifier [0x018631FA+1430314]
	GetHandleVerifier [0x0185C69F+1402831]
	Ordinal0 [0x015E3D61+2112865]
	Ordinal0 [0x015EE5CB+2155979]
	Ordinal0 [0x015EE6F5+2156277]
	Ordinal0 [0x015FF26E+2224750]
	BaseThreadInitThunk [0x7631343D+18]
	RtlInitializeExceptionChain [0x77679812+99]
	RtlInitializeExceptionChain [0x776797E5+54]
&#13;
	at sun.reflect.NativeConstructorAccessorImpl.newInstance0(Native Method)&#13;
	at sun.reflect.NativeConstructorAccessorImpl.newInstance(NativeConstructorAccessorImpl.java:62)&#13;
	at sun.reflect.DelegatingConstructorAccessorImpl.newInstance(DelegatingConstructorAccessorImpl.java:45)&#13;
	at java.lang.reflect.Constructor.newInstance(Constructor.java:423)&#13;
	at org.openqa.selenium.remote.W3CHandshakeResponse.lambda$errorHandler$0(W3CHandshakeResponse.java:62)&#13;
	at org.openqa.selenium.remote.HandshakeResponse.lambda$getResponseFunction$0(HandshakeResponse.java:30)&#13;
	at org.openqa.selenium.remote.ProtocolHandshake.lambda$createSession$0(ProtocolHandshake.java:126)&#13;
	at java.util.stream.ReferencePipeline$3$1.accept(ReferencePipeline.java:193)&#13;
	at java.util.Spliterators$ArraySpliterator.tryAdvance(Spliterators.java:958)&#13;
	at java.util.stream.ReferencePipeline.forEachWithCancel(ReferencePipeline.java:126)&#13;
	at java.util.stream.AbstractPipeline.copyIntoWithCancel(AbstractPipeline.java:498)&#13;
	at java.util.stream.AbstractPipeline.copyInto(AbstractPipeline.java:485)&#13;
	at java.util.stream.AbstractPipeline.wrapAndCopyInto(AbstractPipeline.java:471)&#13;
	at java.util.stream.FindOps$FindOp.evaluateSequential(FindOps.java:152)&#13;
	at java.util.stream.AbstractPipeline.evaluate(AbstractPipeline.java:234)&#13;
	at java.util.stream.ReferencePipeline.findFirst(ReferencePipeline.java:464)&#13;
	at org.openqa.selenium.remote.ProtocolHandshake.createSession(ProtocolHandshake.java:128)&#13;
	at org.openqa.selenium.remote.ProtocolHandshake.createSession(ProtocolHandshake.java:74)&#13;
	at org.openqa.selenium.remote.HttpCommandExecutor.execute(HttpCommandExecutor.java:136)&#13;
	at org.openqa.selenium.remote.service.DriverCommandExecutor.execute(DriverCommandExecutor.java:83)&#13;
	at org.openqa.selenium.remote.RemoteWebDriver.execute(RemoteWebDriver.java:552)&#13;
	at org.openqa.selenium.remote.RemoteWebDriver.startSession(RemoteWebDriver.java:213)&#13;
	at org.openqa.selenium.remote.RemoteWebDriver.&lt;init&gt;(RemoteWebDriver.java:131)&#13;
	at org.openqa.selenium.chrome.ChromeDriver.&lt;init&gt;(ChromeDriver.java:181)&#13;
	at org.openqa.selenium.chrome.ChromeDriver.&lt;init&gt;(ChromeDriver.java:168)&#13;
	at org.openqa.selenium.chrome.ChromeDriver.&lt;init&gt;(ChromeDriver.java:123)&#13;
	at stepDefinition.CucumberDemo.Open_chrome_and_start_application(CucumberDemo.java:20)&#13;
	at âœ½.Open chrome and start application(Features/CucumberDemo.feature:4)&#13;
&#13;
</error>
      </testcase>
    </testsuite>
  </testsuite>
</testrun>
