{"name":"afterClass","status":"broken","statusDetails":{"known":false,"muted":false,"flaky":false,"message":"Sending the email to the following server failed : smtp.gmail.com:465","trace":"org.apache.commons.mail.EmailException: Sending the email to the following server failed : smtp.gmail.com:465\r\n\tat org.apache.commons.mail.Email.sendMimeMessage(Email.java:1469)\r\n\tat org.apache.commons.mail.Email.send(Email.java:1496)\r\n\tat emailDemo.SendEmail2.sendEmail(SendEmail2.java:39)\r\n\tat emailDemo.EmailTest.afterClass(EmailTest.java:34)\r\n\tat sun.reflect.NativeMethodAccessorImpl.invoke0(Native Method)\r\n\tat sun.reflect.NativeMethodAccessorImpl.invoke(NativeMethodAccessorImpl.java:62)\r\n\tat sun.reflect.DelegatingMethodAccessorImpl.invoke(DelegatingMethodAccessorImpl.java:43)\r\n\tat java.lang.reflect.Method.invoke(Method.java:498)\r\n\tat org.testng.internal.MethodInvocationHelper.invokeMethod(MethodInvocationHelper.java:124)\r\n\tat org.testng.internal.MethodInvocationHelper.invokeMethodConsideringTimeout(MethodInvocationHelper.java:59)\r\n\tat org.testng.internal.Invoker.invokeConfigurationMethod(Invoker.java:458)\r\n\tat org.testng.internal.Invoker.invokeConfigurations(Invoker.java:222)\r\n\tat org.testng.internal.Invoker.invokeConfigurations(Invoker.java:142)\r\n\tat org.testng.internal.TestMethodWorker.invokeAfterClassMethods(TestMethodWorker.java:214)\r\n\tat org.testng.internal.TestMethodWorker.run(TestMethodWorker.java:111)\r\n\tat org.testng.TestRunner.privateRun(TestRunner.java:648)\r\n\tat org.testng.TestRunner.run(TestRunner.java:505)\r\n\tat org.testng.SuiteRunner.runTest(SuiteRunner.java:455)\r\n\tat org.testng.SuiteRunner.runSequentially(SuiteRunner.java:450)\r\n\tat org.testng.SuiteRunner.privateRun(SuiteRunner.java:415)\r\n\tat org.testng.SuiteRunner.run(SuiteRunner.java:364)\r\n\tat org.testng.SuiteRunnerWorker.runSuite(SuiteRunnerWorker.java:52)\r\n\tat org.testng.SuiteRunnerWorker.run(SuiteRunnerWorker.java:84)\r\n\tat org.testng.TestNG.runSuitesSequentially(TestNG.java:1208)\r\n\tat org.testng.TestNG.runSuitesLocally(TestNG.java:1137)\r\n\tat org.testng.TestNG.runSuites(TestNG.java:1049)\r\n\tat org.testng.TestNG.run(TestNG.java:1017)\r\n\tat org.apache.maven.surefire.testng.TestNGExecutor.run(TestNGExecutor.java:115)\r\n\tat org.apache.maven.surefire.testng.TestNGDirectoryTestSuite.executeMulti(TestNGDirectoryTestSuite.java:204)\r\n\tat org.apache.maven.surefire.testng.TestNGDirectoryTestSuite.execute(TestNGDirectoryTestSuite.java:107)\r\n\tat org.apache.maven.surefire.testng.TestNGProvider.invoke(TestNGProvider.java:112)\r\n\tat org.apache.maven.surefire.booter.ForkedBooter.invokeProviderInSameClassLoader(ForkedBooter.java:200)\r\n\tat org.apache.maven.surefire.booter.ForkedBooter.runSuitesInProcess(ForkedBooter.java:153)\r\n\tat org.apache.maven.surefire.booter.ForkedBooter.main(ForkedBooter.java:103)\r\nCaused by: javax.mail.MessagingException: Could not connect to SMTP host: smtp.gmail.com, port: 465;\n  nested exception is:\n\tjavax.net.ssl.SSLHandshakeException: sun.security.validator.ValidatorException: PKIX path building failed: sun.security.provider.certpath.SunCertPathBuilderException: unable to find valid certification path to requested target\r\n\tat com.sun.mail.smtp.SMTPTransport.openServer(SMTPTransport.java:2120)\r\n\tat com.sun.mail.smtp.SMTPTransport.protocolConnect(SMTPTransport.java:712)\r\n\tat javax.mail.Service.connect(Service.java:388)\r\n\tat javax.mail.Service.connect(Service.java:246)\r\n\tat javax.mail.Service.connect(Service.java:195)\r\n\tat javax.mail.Transport.send0(Transport.java:254)\r\n\tat javax.mail.Transport.send(Transport.java:124)\r\n\tat org.apache.commons.mail.Email.sendMimeMessage(Email.java:1459)\r\n\t... 33 more\r\nCaused by: javax.net.ssl.SSLHandshakeException: sun.security.validator.ValidatorException: PKIX path building failed: sun.security.provider.certpath.SunCertPathBuilderException: unable to find valid certification path to requested target\r\n\tat sun.security.ssl.Alerts.getSSLException(Alerts.java:192)\r\n\tat sun.security.ssl.SSLSocketImpl.fatal(SSLSocketImpl.java:1964)\r\n\tat sun.security.ssl.Handshaker.fatalSE(Handshaker.java:328)\r\n\tat sun.security.ssl.Handshaker.fatalSE(Handshaker.java:322)\r\n\tat sun.security.ssl.ClientHandshaker.serverCertificate(ClientHandshaker.java:1614)\r\n\tat sun.security.ssl.ClientHandshaker.processMessage(ClientHandshaker.java:216)\r\n\tat sun.security.ssl.Handshaker.processLoop(Handshaker.java:1052)\r\n\tat sun.security.ssl.Handshaker.process_record(Handshaker.java:987)\r\n\tat sun.security.ssl.SSLSocketImpl.readRecord(SSLSocketImpl.java:1072)\r\n\tat sun.security.ssl.SSLSocketImpl.performInitialHandshake(SSLSocketImpl.java:1385)\r\n\tat sun.security.ssl.SSLSocketImpl.startHandshake(SSLSocketImpl.java:1413)\r\n\tat sun.security.ssl.SSLSocketImpl.startHandshake(SSLSocketImpl.java:1397)\r\n\tat com.sun.mail.util.SocketFetcher.configureSSLSocket(SocketFetcher.java:598)\r\n\tat com.sun.mail.util.SocketFetcher.createSocket(SocketFetcher.java:372)\r\n\tat com.sun.mail.util.SocketFetcher.getSocket(SocketFetcher.java:217)\r\n\tat com.sun.mail.smtp.SMTPTransport.openServer(SMTPTransport.java:2084)\r\n\t... 40 more\r\nCaused by: sun.security.validator.ValidatorException: PKIX path building failed: sun.security.provider.certpath.SunCertPathBuilderException: unable to find valid certification path to requested target\r\n\tat sun.security.validator.PKIXValidator.doBuild(PKIXValidator.java:397)\r\n\tat sun.security.validator.PKIXValidator.engineValidate(PKIXValidator.java:302)\r\n\tat sun.security.validator.Validator.validate(Validator.java:262)\r\n\tat sun.security.ssl.X509TrustManagerImpl.validate(X509TrustManagerImpl.java:324)\r\n\tat sun.security.ssl.X509TrustManagerImpl.checkTrusted(X509TrustManagerImpl.java:229)\r\n\tat sun.security.ssl.X509TrustManagerImpl.checkServerTrusted(X509TrustManagerImpl.java:124)\r\n\tat sun.security.ssl.ClientHandshaker.serverCertificate(ClientHandshaker.java:1596)\r\n\t... 51 more\r\nCaused by: sun.security.provider.certpath.SunCertPathBuilderException: unable to find valid certification path to requested target\r\n\tat sun.security.provider.certpath.SunCertPathBuilder.build(SunCertPathBuilder.java:141)\r\n\tat sun.security.provider.certpath.SunCertPathBuilder.engineBuild(SunCertPathBuilder.java:126)\r\n\tat java.security.cert.CertPathBuilder.build(CertPathBuilder.java:280)\r\n\tat sun.security.validator.PKIXValidator.doBuild(PKIXValidator.java:392)\r\n\t... 57 more\r\n"},"stage":"finished","steps":[],"attachments":[],"parameters":[],"start":1600699683235,"stop":1600699683239,"uuid":"86d4acd5-8383-4ca1-b33d-bfd467353a73","historyId":"ac74b8af0b585c4e2f5d2f2cd3ff5882","fullName":"emailDemo.EmailTest.afterClass","labels":[{"name":"package","value":"emailDemo.EmailTest"},{"name":"testClass","value":"emailDemo.EmailTest"},{"name":"testMethod","value":"afterClass"},{"name":"parentSuite","value":"Surefire suite"},{"name":"suite","value":"Surefire test"},{"name":"subSuite","value":"emailDemo.EmailTest"},{"name":"host","value":"APPAN-PC"},{"name":"thread","value":"12216@APPAN-PC.main(1)"},{"name":"framework","value":"testng"},{"name":"language","value":"java"}],"links":[]}