<?xml version="1.0" encoding="UTF-8"?>
<testsuite hostname="APPAN-PC" name="jenkinsDemo.JenkinsTest" tests="1" failures="1" timestamp="16 May 2021 10:55:15 GMT" time="9.02" errors="0">
  <testcase name="jenkinsTest" time="8.981" classname="jenkinsDemo.JenkinsTest">
    <failure type="org.openqa.selenium.SessionNotCreatedException" message="session not created: This version of ChromeDriver only supports Chrome version 88
Current browser version is 90.0.4430.212 with binary path C:\Program Files (x86)\Google\Chrome\Application\chrome.exe
Build info: version: &amp;apos;unknown&amp;apos;, revision: &amp;apos;unknown&amp;apos;, time: &amp;apos;unknown&amp;apos;
System info: host: &amp;apos;APPAN-PC&amp;apos;, ip: &amp;apos;100.120.152.38&amp;apos;, os.name: &amp;apos;Windows 7&amp;apos;, os.arch: &amp;apos;amd64&amp;apos;, os.version: &amp;apos;6.1&amp;apos;, java.version: &amp;apos;1.8.0_181&amp;apos;
Driver info: driver.version: ChromeDriver
remote stacktrace: Backtrace:
	GetHandleVerifier [0x002DB963+483]
	GetHandleVerifier [0x002DB941+449]
	GetHandleVerifier [0x00683308+3832712]
	GetHandleVerifier [0x0069D69A+3940122]
	GetHandleVerifier [0x00699AFB+3924859]
	GetHandleVerifier [0x00697D9C+3917340]
	GetHandleVerifier [0x006BE7FE+4075646]
	GetHandleVerifier [0x006BE56C+4074988]
	GetHandleVerifier [0x006BB2EB+4062059]
	GetHandleVerifier [0x0069ED14+3945876]
	GetHandleVerifier [0x0069FBCE+3949646]
	GetHandleVerifier [0x0069FB59+3949529]
	Ordinal0 [0x0029B5CC+46540]
	Ordinal0 [0x00299F53+40787]
	Ordinal0 [0x00299B12+39698]
	GetHandleVerifier [0x005A1468+2907368]
	GetHandleVerifier [0x003E71EE+1096302]
	GetHandleVerifier [0x003A3E8D+821005]
	GetHandleVerifier [0x003A396B+819691]
	GetHandleVerifier [0x003A3881+819457]
	GetHandleVerifier [0x003CF463+998627]
	BaseThreadInitThunk [0x74DE343D+18]
	RtlInitializeExceptionChain [0x77339812+99]
	RtlInitializeExceptionChain [0x773397E5+54]
">
      <![CDATA[org.openqa.selenium.SessionNotCreatedException: session not created: This version of ChromeDriver only supports Chrome version 88
Current browser version is 90.0.4430.212 with binary path C:\Program Files (x86)\Google\Chrome\Application\chrome.exe
Build info: version: 'unknown', revision: 'unknown', time: 'unknown'
System info: host: 'APPAN-PC', ip: '100.120.152.38', os.name: 'Windows 7', os.arch: 'amd64', os.version: '6.1', java.version: '1.8.0_181'
Driver info: driver.version: ChromeDriver
remote stacktrace: Backtrace:
	GetHandleVerifier [0x002DB963+483]
	GetHandleVerifier [0x002DB941+449]
	GetHandleVerifier [0x00683308+3832712]
	GetHandleVerifier [0x0069D69A+3940122]
	GetHandleVerifier [0x00699AFB+3924859]
	GetHandleVerifier [0x00697D9C+3917340]
	GetHandleVerifier [0x006BE7FE+4075646]
	GetHandleVerifier [0x006BE56C+4074988]
	GetHandleVerifier [0x006BB2EB+4062059]
	GetHandleVerifier [0x0069ED14+3945876]
	GetHandleVerifier [0x0069FBCE+3949646]
	GetHandleVerifier [0x0069FB59+3949529]
	Ordinal0 [0x0029B5CC+46540]
	Ordinal0 [0x00299F53+40787]
	Ordinal0 [0x00299B12+39698]
	GetHandleVerifier [0x005A1468+2907368]
	GetHandleVerifier [0x003E71EE+1096302]
	GetHandleVerifier [0x003A3E8D+821005]
	GetHandleVerifier [0x003A396B+819691]
	GetHandleVerifier [0x003A3881+819457]
	GetHandleVerifier [0x003CF463+998627]
	BaseThreadInitThunk [0x74DE343D+18]
	RtlInitializeExceptionChain [0x77339812+99]
	RtlInitializeExceptionChain [0x773397E5+54]

	at org.openqa.selenium.remote.W3CHandshakeResponse.lambda$new$0(W3CHandshakeResponse.java:57)
	at org.openqa.selenium.remote.W3CHandshakeResponse.lambda$getResponseFunction$2(W3CHandshakeResponse.java:104)
	at org.openqa.selenium.remote.ProtocolHandshake.lambda$createSession$22(ProtocolHandshake.java:365)
	at java.util.stream.ReferencePipeline$3$1.accept(ReferencePipeline.java:193)
	at java.util.Spliterators$ArraySpliterator.tryAdvance(Spliterators.java:958)
	at java.util.stream.ReferencePipeline.forEachWithCancel(ReferencePipeline.java:126)
	at java.util.stream.AbstractPipeline.copyIntoWithCancel(AbstractPipeline.java:498)
	at java.util.stream.AbstractPipeline.copyInto(AbstractPipeline.java:485)
	at java.util.stream.AbstractPipeline.wrapAndCopyInto(AbstractPipeline.java:471)
	at java.util.stream.FindOps$FindOp.evaluateSequential(FindOps.java:152)
	at java.util.stream.AbstractPipeline.evaluate(AbstractPipeline.java:234)
	at java.util.stream.ReferencePipeline.findFirst(ReferencePipeline.java:464)
	at org.openqa.selenium.remote.ProtocolHandshake.createSession(ProtocolHandshake.java:368)
	at org.openqa.selenium.remote.ProtocolHandshake.createSession(ProtocolHandshake.java:159)
	at org.openqa.selenium.remote.HttpCommandExecutor.execute(HttpCommandExecutor.java:142)
	at org.openqa.selenium.remote.service.DriverCommandExecutor.execute(DriverCommandExecutor.java:82)
	at org.openqa.selenium.remote.RemoteWebDriver.execute(RemoteWebDriver.java:637)
	at org.openqa.selenium.remote.RemoteWebDriver.startSession(RemoteWebDriver.java:250)
	at org.openqa.selenium.remote.RemoteWebDriver.startSession(RemoteWebDriver.java:236)
	at org.openqa.selenium.remote.RemoteWebDriver.<init>(RemoteWebDriver.java:137)
	at org.openqa.selenium.chrome.ChromeDriver.<init>(ChromeDriver.java:184)
	at org.openqa.selenium.chrome.ChromeDriver.<init>(ChromeDriver.java:171)
	at org.openqa.selenium.chrome.ChromeDriver.<init>(ChromeDriver.java:124)
	at jenkinsDemo.JenkinsTest.jenkinsTest(JenkinsTest.java:16)
... Removed 28 stack frames]]>
    </failure>
  </testcase>
</testsuite>
